\BOOKMARK [1][-]{section.1}{\376\377\230\171\166\356\151\202\217\360}{}% 1
\BOOKMARK [2][-]{subsection.1.1}{\376\377\230\171\166\356\124\015\171\360}{section.1}% 2
\BOOKMARK [2][-]{subsection.1.2}{\376\377\230\171\166\356\133\232\117\115}{section.1}% 3
\BOOKMARK [2][-]{subsection.1.3}{\376\377\116\000\123\345\213\335\173\200\116\313}{section.1}% 4
\BOOKMARK [2][-]{subsection.1.4}{\376\377\207\215\215\104\226\066\153\265\133\232\117\115}{section.1}% 5
\BOOKMARK [1][-]{section.2}{\376\377\136\002\127\072\147\072\117\032}{}% 6
\BOOKMARK [2][-]{subsection.2.1}{\376\377\210\114\116\032\163\260\162\266}{section.2}% 7
\BOOKMARK [2][-]{subsection.2.2}{\376\377\172\336\124\301\133\371\153\324}{section.2}% 8
\BOOKMARK [2][-]{subsection.2.3}{\376\377\166\356\150\007\133\242\142\067}{section.2}% 9
\BOOKMARK [2][-]{subsection.2.4}{\376\377\136\002\127\072\172\172\225\364\116\016\125\106\116\032\120\107\213\276}{section.2}% 10
\BOOKMARK [1][-]{section.3}{\376\377\116\247\124\301\145\271\150\110}{}% 11
\BOOKMARK [2][-]{subsection.3.1}{\376\377\116\011\226\066\153\265\176\337\116\000\147\266\147\204}{section.3}% 12
\BOOKMARK [2][-]{subsection.3.2}{\376\377\150\070\137\303\172\336\116\211\122\233}{section.3}% 13
\BOOKMARK [3][-]{subsubsection.3.2.1}{\376\377\146\172\200\375\130\236\137\072\150\106\147\266\377\014\200\014\227\136\173\200\123\125\135\345\121\167}{subsection.3.2}% 14
\BOOKMARK [3][-]{subsubsection.3.2.2}{\376\377\143\210\147\103\176\247\122\053\232\161\122\250\166\204\142\147\210\114\217\271\165\114}{subsection.3.2}% 15
\BOOKMARK [3][-]{subsubsection.3.2.3}{\376\377\126\333\134\102\213\260\137\306\174\373\176\337}{subsection.3.2}% 16
\BOOKMARK [3][-]{subsubsection.3.2.4}{\376\377\116\016\127\202\166\364\000\040\000A\000I\000\040\136\224\165\050\166\204\135\356\137\002\123\026\133\232\117\115}{subsection.3.2}% 17
\BOOKMARK [2][-]{subsection.3.3}{\376\377\000P\000h\000a\000s\000e\000\040\0001\000:\000\040\137\025\133\374\137\017\123\357\227\140\135\345\117\134\155\101\165\037\142\020\377\010\137\123\122\115\000\040\000M\000V\000P\377\011}{section.3}% 18
\BOOKMARK [2][-]{subsection.3.4}{\376\377\000P\000h\000a\000s\000e\000\040\0002\000:\000\040\116\073\122\250\127\050\176\277\122\251\164\006\116\016\215\205\176\247\116\012\116\013\145\207\173\241\164\006\377\010\150\070\137\303\166\356\150\007\377\011}{section.3}% 19
\BOOKMARK [2][-]{subsection.3.5}{\376\377\000P\000h\000a\000s\000e\000\040\0003\000:\000\040\127\202\174\173\201\352\116\073\143\242\175\042\116\016\116\023\116\032\116\373\122\241\142\147\210\114\377\010\000M\000V\000P\000\040\124\016\377\011}{section.3}% 20
\BOOKMARK [1][-]{section.4}{\376\377\142\200\147\057\147\266\147\204}{}% 21
\BOOKMARK [2][-]{subsection.4.1}{\376\377\173\200\123\125\162\110\147\266\147\204}{section.4}% 22
\BOOKMARK [2][-]{subsection.4.2}{\376\377\135\345\172\013\147\266\147\204}{section.4}% 23
\BOOKMARK [2][-]{subsection.4.3}{\376\377\152\041\127\127\116\016\143\245\123\343\217\271\165\114}{section.4}% 24
\BOOKMARK [2][-]{subsection.4.4}{\376\377\150\070\137\303\152\041\127\127\213\276\213\241}{section.4}% 25
\BOOKMARK [3][-]{subsubsection.4.4.1}{\376\377\000M\000e\000m\000o\000r\000y\000\040\000M\000o\000d\000u\000l\000e}{subsection.4.4}% 26
\BOOKMARK [3][-]{subsubsection.4.4.2}{\376\377\000A\000u\000t\000o\000n\000o\000m\000o\000u\000s\000\040\000I\000t\000e\000r\000a\000t\000i\000o\000n\000\040\000M\000o\000d\000u\000l\000e}{subsection.4.4}% 27
\BOOKMARK [3][-]{subsubsection.4.4.3}{\376\377\000T\000o\000o\000l\000s\000\040\000a\000n\000d\000\040\000U\000t\000i\000l\000s}{subsection.4.4}% 28
\BOOKMARK [3][-]{subsubsection.4.4.4}{\376\377\000G\000U\000I\000\040\000A\000g\000e\000n\000t\000\040\116\016\142\147\210\114\134\102}{subsection.4.4}% 29
\BOOKMARK [1][-]{section.5}{\376\377\125\106\116\032\152\041\137\017\116\016\172\336\116\211\117\030\122\277}{}% 30
\BOOKMARK [2][-]{subsection.5.1}{\376\377\116\016\117\040\176\337\000\040\000A\000I\000\040\122\251\142\113\166\204\133\371\153\324}{section.5}% 31
\BOOKMARK [2][-]{subsection.5.2}{\376\377\150\070\137\303\135\356\137\002\123\026}{section.5}% 32
\BOOKMARK [2][-]{subsection.5.3}{\376\377\125\106\116\032\152\041\137\017}{section.5}% 33
\BOOKMARK [2][-]{subsection.5.4}{\376\377\172\336\116\211\130\301\127\222}{section.5}% 34
\BOOKMARK [1][-]{section.6}{\376\377\126\342\226\037\116\016\142\147\210\114\213\241\122\022}{}% 35
\BOOKMARK [2][-]{subsection.6.1}{\376\377\150\070\137\303\126\342\226\037}{section.6}% 36
\BOOKMARK [2][-]{subsection.6.2}{\376\377\226\066\153\265\213\241\122\022}{section.6}% 37
\BOOKMARK [2][-]{subsection.6.3}{\376\377\121\163\225\056\143\007\150\007}{section.6}% 38
\BOOKMARK [1][-]{section.7}{\376\377\230\316\226\151\116\016\136\224\133\371}{}% 39
\BOOKMARK [2][-]{subsection.7.1}{\376\377\116\073\211\201\230\316\226\151}{section.7}% 40
\BOOKMARK [2][-]{subsection.7.2}{\376\377\145\071\202\157\173\126\165\145}{section.7}% 41
\BOOKMARK [1][-]{section.8}{\376\377\207\215\215\104\165\050\220\024}{}% 42
\BOOKMARK [1][-]{section.9}{\376\377\176\323\213\272}{}% 43
